<?xml version="1.0" encoding="UTF-8"?>
<!-- Generated by org.testng.reporters.JUnitXMLReporter -->
<testsuite ignored="0" hostname="DESKTOP-9GL3C6H" failures="0" tests="12" name="Login test case" time="0.154" errors="0" timestamp="2023-02-10T11:11:23 IST">
  <testcase classname="swag_common_functions.Common_Functions" name="@BeforeSuite launchbrowser" time="0.04">
    <failure type="java.lang.IllegalStateException" message="The driver executable must exist: D:\Eclipse\SwagLabs\Driver\chromedriver.exe">
      <![CDATA[java.lang.IllegalStateException: The driver executable must exist: D:\Eclipse\SwagLabs\Driver\chromedriver.exe
at org.openqa.selenium.internal.Require$FileStateChecker.isFile(Require.java:342)
at org.openqa.selenium.remote.service.DriverService.checkExecutable(DriverService.java:147)
at org.openqa.selenium.remote.service.DriverService.findExecutable(DriverService.java:142)
at org.openqa.selenium.chrome.ChromeDriverService.access$000(ChromeDriverService.java:39)
at org.openqa.selenium.chrome.ChromeDriverService$Builder.findDefaultExecutable(ChromeDriverService.java:233)
at org.openqa.selenium.remote.service.DriverService$Builder.build(DriverService.java:437)
at org.openqa.selenium.chrome.ChromeDriverService.createDefaultService(ChromeDriverService.java:128)
at org.openqa.selenium.chrome.ChromeDriver.<init>(ChromeDriver.java:49)
at swag_common_functions.Common_Functions.launchbrowser(Common_Functions.java:42)
... Removed 19 stack frames]]>
    </failure>
  </testcase> <!-- @BeforeSuite launchbrowser -->
  <testcase classname="swag_testcase.Login_page_Test_Case" name="login_Test_case" time="0.0">
    <skipped/>
  </testcase> <!-- login_Test_case -->
  <testcase classname="swag_testcase.Login_page_Test_Case" name="login_Test_case" time="0.0">
    <skipped/>
  </testcase> <!-- login_Test_case -->
  <testcase classname="swag_testcase.Login_page_Test_Case" name="login_Test_case" time="0.0">
    <skipped/>
  </testcase> <!-- login_Test_case -->
  <testcase classname="swag_testcase.Login_page_Test_Case" name="login_Test_case" time="0.0">
    <skipped/>
  </testcase> <!-- login_Test_case -->
  <testcase classname="swag_testcase.Login_page_Test_Case" name="login_Test_case" time="0.0">
    <skipped/>
  </testcase> <!-- login_Test_case -->
  <testcase classname="swag_testcase.Login_page_Test_Case" name="login_Test_case" time="0.0">
    <skipped/>
  </testcase> <!-- login_Test_case -->
  <testcase classname="swag_testcase.Login_page_Test_Case" name="login_Test_case" time="0.0">
    <skipped/>
  </testcase> <!-- login_Test_case -->
  <testcase classname="swag_testcase.Login_page_Test_Case" name="login_Test_case" time="0.0">
    <skipped/>
  </testcase> <!-- login_Test_case -->
  <testcase classname="swag_testcase.Login_page_Test_Case" name="login_Test_case" time="0.0">
    <skipped/>
  </testcase> <!-- login_Test_case -->
  <testcase classname="swag_testcase.Login_page_Test_Case" name="login_Test_case" time="0.0">
    <skipped/>
  </testcase> <!-- login_Test_case -->
  <testcase classname="swag_testcase.Login_page_Test_Case" name="login_Test_case" time="0.0">
    <skipped/>
  </testcase> <!-- login_Test_case -->
  <testcase classname="swag_testcase.Login_page_Test_Case" name="login_Test_case" time="0.0">
    <skipped/>
  </testcase> <!-- login_Test_case -->
</testsuite> <!-- Login test case -->
